<?xml version="1.0" encoding="UTF-8"?>
<!-- Generated by org.testng.reporters.JUnitXMLReporter -->
<testsuite ignored="0" hostname="LAPTOP-94L2VPM3" failures="0" tests="2" name="Default test" time="0.084" errors="0" timestamp="2023-04-15T11:43:05 IST">
  <testcase classname="testng.OHM" name="@BeforeSuite openBrowser" time="2.564">
    <failure type="org.openqa.selenium.SessionNotCreatedException" message="session not created: This version of ChromeDriver only supports Chrome version 110
Current browser version is 112.0.5615.121 with binary path C:\Program Files\Google\Chrome\Application\chrome.exe
Build info: version: &amp;apos;3.141.59&amp;apos;, revision: &amp;apos;e82be7d358&amp;apos;, time: &amp;apos;2018-11-14T08:25:53&amp;apos;
System info: host: &amp;apos;LAPTOP-94L2VPM3&amp;apos;, ip: &amp;apos;192.168.105.16&amp;apos;, os.name: &amp;apos;Windows 11&amp;apos;, os.arch: &amp;apos;amd64&amp;apos;, os.version: &amp;apos;10.0&amp;apos;, java.version: &amp;apos;17.0.5&amp;apos;
Driver info: driver.version: ChromeDriver
remote stacktrace: Backtrace:
	(No symbol) [0x011C37D3]
	(No symbol) [0x01158B81]
	(No symbol) [0x0105B36D]
	(No symbol) [0x0107ED6D]
	(No symbol) [0x01079B90]
	(No symbol) [0x01076FC9]
	(No symbol) [0x010B1ED5]
	(No symbol) [0x010B1B2C]
	(No symbol) [0x010AB216]
	(No symbol) [0x01080D97]
	(No symbol) [0x0108253D]
	GetHandleVerifier [0x0143ABF2+2510930]
	GetHandleVerifier [0x01468EC1+2700065]
	GetHandleVerifier [0x0146C86C+2714828]
	GetHandleVerifier [0x01273480+645344]
	(No symbol) [0x01160FD2]
	(No symbol) [0x01166C68]
	(No symbol) [0x01166D4B]
	(No symbol) [0x01170D6B]
	BaseThreadInitThunk [0x760C7D69+25]
	RtlInitializeExceptionChain [0x7753B74B+107]
	RtlClearBits [0x7753B6CF+191]
">
      <![CDATA[org.openqa.selenium.SessionNotCreatedException: session not created: This version of ChromeDriver only supports Chrome version 110
Current browser version is 112.0.5615.121 with binary path C:\Program Files\Google\Chrome\Application\chrome.exe
Build info: version: '3.141.59', revision: 'e82be7d358', time: '2018-11-14T08:25:53'
System info: host: 'LAPTOP-94L2VPM3', ip: '192.168.105.16', os.name: 'Windows 11', os.arch: 'amd64', os.version: '10.0', java.version: '17.0.5'
Driver info: driver.version: ChromeDriver
remote stacktrace: Backtrace:
(No symbol) [0x011C37D3]
(No symbol) [0x01158B81]
(No symbol) [0x0105B36D]
(No symbol) [0x0107ED6D]
(No symbol) [0x01079B90]
(No symbol) [0x01076FC9]
(No symbol) [0x010B1ED5]
(No symbol) [0x010B1B2C]
(No symbol) [0x010AB216]
(No symbol) [0x01080D97]
(No symbol) [0x0108253D]
GetHandleVerifier [0x0143ABF2+2510930]
GetHandleVerifier [0x01468EC1+2700065]
GetHandleVerifier [0x0146C86C+2714828]
GetHandleVerifier [0x01273480+645344]
(No symbol) [0x01160FD2]
(No symbol) [0x01166C68]
(No symbol) [0x01166D4B]
(No symbol) [0x01170D6B]
BaseThreadInitThunk [0x760C7D69+25]
RtlInitializeExceptionChain [0x7753B74B+107]
RtlClearBits [0x7753B6CF+191]

at java.base/jdk.internal.reflect.NativeConstructorAccessorImpl.newInstance0(Native Method)
at java.base/jdk.internal.reflect.NativeConstructorAccessorImpl.newInstance(NativeConstructorAccessorImpl.java:77)
at java.base/jdk.internal.reflect.DelegatingConstructorAccessorImpl.newInstance(DelegatingConstructorAccessorImpl.java:45)
at java.base/java.lang.reflect.Constructor.newInstanceWithCaller(Constructor.java:499)
at java.base/java.lang.reflect.Constructor.newInstance(Constructor.java:480)
at org.openqa.selenium.remote.W3CHandshakeResponse.lambda$errorHandler$0(W3CHandshakeResponse.java:62)
at org.openqa.selenium.remote.HandshakeResponse.lambda$getResponseFunction$0(HandshakeResponse.java:30)
at org.openqa.selenium.remote.ProtocolHandshake.lambda$createSession$0(ProtocolHandshake.java:126)
at java.base/java.util.stream.ReferencePipeline$3$1.accept(ReferencePipeline.java:197)
at java.base/java.util.Spliterators$ArraySpliterator.tryAdvance(Spliterators.java:1002)
at java.base/java.util.stream.ReferencePipeline.forEachWithCancel(ReferencePipeline.java:129)
at java.base/java.util.stream.AbstractPipeline.copyIntoWithCancel(AbstractPipeline.java:527)
at java.base/java.util.stream.AbstractPipeline.copyInto(AbstractPipeline.java:513)
at java.base/java.util.stream.AbstractPipeline.wrapAndCopyInto(AbstractPipeline.java:499)
at java.base/java.util.stream.FindOps$FindOp.evaluateSequential(FindOps.java:150)
at java.base/java.util.stream.AbstractPipeline.evaluate(AbstractPipeline.java:234)
at java.base/java.util.stream.ReferencePipeline.findFirst(ReferencePipeline.java:647)
at org.openqa.selenium.remote.ProtocolHandshake.createSession(ProtocolHandshake.java:128)
at org.openqa.selenium.remote.ProtocolHandshake.createSession(ProtocolHandshake.java:74)
at org.openqa.selenium.remote.HttpCommandExecutor.execute(HttpCommandExecutor.java:136)
at org.openqa.selenium.remote.service.DriverCommandExecutor.execute(DriverCommandExecutor.java:83)
at org.openqa.selenium.remote.RemoteWebDriver.execute(RemoteWebDriver.java:552)
at org.openqa.selenium.remote.RemoteWebDriver.startSession(RemoteWebDriver.java:213)
at org.openqa.selenium.remote.RemoteWebDriver.<init>(RemoteWebDriver.java:131)
at org.openqa.selenium.chrome.ChromeDriver.<init>(ChromeDriver.java:181)
at org.openqa.selenium.chrome.ChromeDriver.<init>(ChromeDriver.java:168)
at org.openqa.selenium.chrome.ChromeDriver.<init>(ChromeDriver.java:123)
at testng.OHM.openBrowser(OHM.java:24)
at java.base/jdk.internal.reflect.NativeMethodAccessorImpl.invoke0(Native Method)
at java.base/jdk.internal.reflect.NativeMethodAccessorImpl.invoke(NativeMethodAccessorImpl.java:77)
at java.base/jdk.internal.reflect.DelegatingMethodAccessorImpl.invoke(DelegatingMethodAccessorImpl.java:43)
at java.base/java.lang.reflect.Method.invoke(Method.java:568)
at org.testng.internal.MethodInvocationHelper.invokeMethod(MethodInvocationHelper.java:133)
at org.testng.internal.MethodInvocationHelper.invokeMethodConsideringTimeout(MethodInvocationHelper.java:62)
at org.testng.internal.ConfigInvoker.invokeConfigurationMethod(ConfigInvoker.java:385)
at org.testng.internal.ConfigInvoker.invokeConfigurations(ConfigInvoker.java:321)
at org.testng.SuiteRunner.privateRun(SuiteRunner.java:317)
at org.testng.SuiteRunner.run(SuiteRunner.java:276)
at org.testng.SuiteRunnerWorker.runSuite(SuiteRunnerWorker.java:53)
at org.testng.SuiteRunnerWorker.run(SuiteRunnerWorker.java:96)
at org.testng.TestNG.runSuitesSequentially(TestNG.java:1212)
at org.testng.TestNG.runSuitesLocally(TestNG.java:1134)
at org.testng.TestNG.runSuites(TestNG.java:1063)
at org.testng.TestNG.run(TestNG.java:1031)
at org.testng.remote.AbstractRemoteTestNG.run(AbstractRemoteTestNG.java:115)
at org.testng.remote.RemoteTestNG.initAndRun(RemoteTestNG.java:251)
at org.testng.remote.RemoteTestNG.main(RemoteTestNG.java:77)
]]>
    </failure>
  </testcase> <!-- @BeforeSuite openBrowser -->
  <testcase classname="testng.OHM" name="@BeforeClass login" time="-1.681539185296E9">
    <skipped/>
  </testcase> <!-- @BeforeClass login -->
  <testcase classname="testng.OHM" name="@AfterTest logout" time="-1.681539185345E9">
    <skipped/>
  </testcase> <!-- @AfterTest logout -->
  <testcase classname="testng.OHM" name="leave" time="0.0">
    <skipped/>
  </testcase> <!-- leave -->
  <testcase classname="testng.OHM" name="recruitment" time="0.0">
    <skipped/>
  </testcase> <!-- recruitment -->
</testsuite> <!-- Default test -->
