<?xml version="1.0" encoding="UTF-8"?>
<!-- Generated by org.testng.reporters.JUnitXMLReporter -->
<testsuite ignored="0" hostname="LAPTOP-94L2VPM3" failures="0" tests="2" name="Test" time="0.086" errors="0" timestamp="2023-03-25T12:02:56 IST">
  <testcase classname="testng.OHM" name="@BeforeSuite openBrowser" time="4.87">
    <failure type="org.openqa.selenium.remote.http.ConnectionFailedException" message="Unable to establish websocket connection to http://localhost:54086/devtools/browser/a6332b9f-0be6-47f5-a281-84a8bcd17362
Build info: version: &amp;apos;4.4.0&amp;apos;, revision: &amp;apos;e5c75ed026a&amp;apos;
System info: host: &amp;apos;LAPTOP-94L2VPM3&amp;apos;, ip: &amp;apos;192.168.170.16&amp;apos;, os.name: &amp;apos;Windows 11&amp;apos;, os.arch: &amp;apos;amd64&amp;apos;, os.version: &amp;apos;10.0&amp;apos;, java.version: &amp;apos;17.0.5&amp;apos;
Driver info: driver.version: ChromeDriver">
      <![CDATA[org.openqa.selenium.remote.http.ConnectionFailedException: Unable to establish websocket connection to http://localhost:54086/devtools/browser/a6332b9f-0be6-47f5-a281-84a8bcd17362
Build info: version: '4.4.0', revision: 'e5c75ed026a'
System info: host: 'LAPTOP-94L2VPM3', ip: '192.168.170.16', os.name: 'Windows 11', os.arch: 'amd64', os.version: '10.0', java.version: '17.0.5'
Driver info: driver.version: ChromeDriver
at org.openqa.selenium.remote.http.netty.NettyWebSocket.<init>(NettyWebSocket.java:102)
at org.openqa.selenium.remote.http.netty.NettyWebSocket.lambda$create$3(NettyWebSocket.java:128)
at org.openqa.selenium.remote.http.netty.NettyClient.openSocket(NettyClient.java:106)
at org.openqa.selenium.devtools.Connection.<init>(Connection.java:77)
at org.openqa.selenium.chromium.ChromiumDriver.lambda$new$2(ChromiumDriver.java:116)
at java.base/java.util.Optional.map(Optional.java:260)
at org.openqa.selenium.chromium.ChromiumDriver.<init>(ChromiumDriver.java:114)
at org.openqa.selenium.chrome.ChromeDriver.<init>(ChromeDriver.java:81)
at org.openqa.selenium.chrome.ChromeDriver.<init>(ChromeDriver.java:49)
at testng.OHM.openBrowser(OHM.java:23)
... Removed 19 stack frames]]>
    </failure>
  </testcase> <!-- @BeforeSuite openBrowser -->
  <testcase classname="testng.OHM" name="@BeforeClass login" time="-1.679725976057E9">
    <skipped/>
  </testcase> <!-- @BeforeClass login -->
  <testcase classname="testng.OHM" name="@AfterTest logout" time="-1.679725976103E9">
    <skipped/>
  </testcase> <!-- @AfterTest logout -->
  <testcase classname="testng.OHM" name="leave" time="0.0">
    <skipped/>
  </testcase> <!-- leave -->
  <testcase classname="testng.OHM" name="recruitment" time="0.0">
    <skipped/>
  </testcase> <!-- recruitment -->
</testsuite> <!-- Test -->
